<?xml version="1.0" encoding="UTF-8" ?>
<testsuite tests="20" failures="0" name="omilia.it.assignement.NaturalNumbersTest" time="0.074" errors="0" skipped="0">
  <properties>
    <property name="java.runtime.name" value="OpenJDK Runtime Environment"/>
    <property name="java.vm.version" value="21.0.1+12-Ubuntu-222.04"/>
    <property name="sun.boot.library.path" value="/usr/lib/jvm/java-21-openjdk-amd64/lib"/>
    <property name="maven.multiModuleProjectDirectory" value="/home/paul/Documents/autre/embauche/omilia/number-validation"/>
    <property name="java.vm.vendor" value="Private Build"/>
    <property name="java.vendor.url" value="Unknown"/>
    <property name="guice.disable.misplaced.annotation.check" value="true"/>
    <property name="path.separator" value=":"/>
    <property name="java.vm.name" value="OpenJDK 64-Bit Server VM"/>
    <property name="user.country" value="US"/>
    <property name="sun.java.launcher" value="SUN_STANDARD"/>
    <property name="java.vm.specification.name" value="Java Virtual Machine Specification"/>
    <property name="user.dir" value="/home/paul/Documents/autre/embauche/omilia/number-validation"/>
    <property name="java.vm.compressedOopsMode" value="Zero based"/>
    <property name="java.runtime.version" value="21.0.1+12-Ubuntu-222.04"/>
    <property name="os.arch" value="amd64"/>
    <property name="java.io.tmpdir" value="/tmp"/>
    <property name="line.separator" value="
"/>
    <property name="java.vm.specification.vendor" value="Oracle Corporation"/>
    <property name="stderr.encoding" value="UTF-8"/>
    <property name="os.name" value="Linux"/>
    <property name="classworlds.conf" value="/usr/share/maven/bin/m2.conf"/>
    <property name="sun.jnu.encoding" value="UTF-8"/>
    <property name="stdout.encoding" value="UTF-8"/>
    <property name="java.library.path" value="/usr/java/packages/lib:/usr/lib/x86_64-linux-gnu/jni:/lib/x86_64-linux-gnu:/usr/lib/x86_64-linux-gnu:/usr/lib/jni:/lib:/usr/lib"/>
    <property name="maven.conf" value="/usr/share/maven/conf"/>
    <property name="jdk.debug" value="release"/>
    <property name="java.class.version" value="65.0"/>
    <property name="java.specification.name" value="Java Platform API Specification"/>
    <property name="sun.management.compiler" value="HotSpot 64-Bit Tiered Compilers"/>
    <property name="os.version" value="5.15.0-91-generic"/>
    <property name="library.jansi.path" value="/usr/share/maven/lib/jansi-native"/>
    <property name="user.home" value="/home/paul"/>
    <property name="user.timezone" value="Europe/Paris"/>
    <property name="file.encoding" value="UTF-8"/>
    <property name="java.specification.version" value="21"/>
    <property name="user.name" value="paul"/>
    <property name="java.class.path" value="/usr/share/maven/boot/plexus-classworlds-2.x.jar"/>
    <property name="java.vm.specification.version" value="21"/>
    <property name="sun.arch.data.model" value="64"/>
    <property name="sun.java.command" value="org.codehaus.plexus.classworlds.launcher.Launcher test -e"/>
    <property name="java.home" value="/usr/lib/jvm/java-21-openjdk-amd64"/>
    <property name="user.language" value="en"/>
    <property name="java.specification.vendor" value="Oracle Corporation"/>
    <property name="java.vm.info" value="mixed mode, sharing"/>
    <property name="java.version" value="21.0.1"/>
    <property name="native.encoding" value="UTF-8"/>
    <property name="java.vendor" value="Private Build"/>
    <property name="maven.home" value="/usr/share/maven"/>
    <property name="file.separator" value="/"/>
    <property name="java.version.date" value="2023-10-17"/>
    <property name="java.vendor.url.bug" value="Unknown"/>
    <property name="sun.io.unicode.encoding" value="UnicodeLittle"/>
    <property name="sun.cpu.endian" value="little"/>
  </properties>
  <testcase classname="omilia.it.assignement.NaturalNumbersTest" name="testdeleteSpaceInvalid" time="0.017"/>
  <testcase classname="omilia.it.assignement.NaturalNumbersTest" name="testInvalidGreekNumber" time="0"/>
  <testcase classname="omilia.it.assignement.NaturalNumbersTest" name="testValidGreekNumber" time="0"/>
  <testcase classname="omilia.it.assignement.NaturalNumbersTest" name="testSanitizeTooMuchSpaces" time="0"/>
  <testcase classname="omilia.it.assignement.NaturalNumbersTest" name="testValidInput" time="0.003"/>
  <testcase classname="omilia.it.assignement.NaturalNumbersTest" name="testInValidInputTooMuchDigits" time="0.016"/>
  <testcase classname="omilia.it.assignement.NaturalNumbersTest" name="testInValidInputChar" time="0"/>
  <testcase classname="omilia.it.assignement.NaturalNumbersTest" name="testNotAmbiguousTenthToConcatenate" time="0"/>
  <testcase classname="omilia.it.assignement.NaturalNumbersTest" name="testAmbiguousTenthToConcatenate" time="0.001"/>
  <testcase classname="omilia.it.assignement.NaturalNumbersTest" name="testNotAmbiguousTenthToSplit" time="0.001"/>
  <testcase classname="omilia.it.assignement.NaturalNumbersTest" name="testAmbiguousTenthToSplit" time="0"/>
  <testcase classname="omilia.it.assignement.NaturalNumbersTest" name="testisAmbiguousHundred" time="0"/>
  <testcase classname="omilia.it.assignement.NaturalNumbersTest" name="testisAmbiguousHundredToConcatenate" time="0.001"/>
  <testcase classname="omilia.it.assignement.NaturalNumbersTest" name="testNotAmbiguousHundredToConcatenate" time="0.001"/>
  <testcase classname="omilia.it.assignement.NaturalNumbersTest" name="testisAmbiguousHundredToSplit" time="0.001"/>
  <testcase classname="omilia.it.assignement.NaturalNumbersTest" name="testNotAmbiguousHundredToSplit" time="0.001"/>
  <testcase classname="omilia.it.assignement.NaturalNumbersTest" name="testgetOutputValidNumber" time="0.013"/>
  <testcase classname="omilia.it.assignement.NaturalNumbersTest" name="testgetOutputInvalidNumber" time="0.001"/>
  <testcase classname="omilia.it.assignement.NaturalNumbersTest" name="testgenerateInterpretationsr" time="0.002"/>
  <testcase classname="omilia.it.assignement.NaturalNumbersTest" name="testgetInterpretationsTree" time="0.016"/>
</testsuite>